<?xml version="1.0" encoding="UTF-8"?>
<!-- Generated by org.testng.reporters.JUnitReportReporter -->
<testsuite hostname="Trantor-LP452" failures="0" tests="2" name="com.mystore.testcases.IndexPageTest" time="14.490" errors="0" timestamp="2024-08-01T11:12:30 IST" skipped="0">
  <testcase classname="com.mystore.testcases.IndexPageTest" name="verifyLogo" time="6.606"/>
  <system-out/>
  <testcase classname="com.mystore.testcases.IndexPageTest" name="verifyTitle" time="7.884"/>
  <system-out/>
</testsuite> <!-- com.mystore.testcases.IndexPageTest -->
