<?xml version="1.0" encoding="UTF-8"?>
<!-- Generated by org.testng.reporters.JUnitReportReporter -->
<testsuite hostname="Trantor-LP452" failures="0" tests="1" name="com.mystore.testcases.HomePageTest" time="8.991" errors="0" timestamp="2024-08-01T11:12:30 IST" skipped="0">
  <testcase classname="com.mystore.testcases.HomePageTest" name="VerifyOrderHistoryAndDetails" time="8.991"/>
  <system-out/>
</testsuite> <!-- com.mystore.testcases.HomePageTest -->
